-------------------------------------------------------------------------------
Test set: br.com.knaak.Mercados.ApplicationTests
-------------------------------------------------------------------------------
Tests run: 1, Failures: 0, Errors: 1, Skipped: 0, Time elapsed: 1.373 s <<< FAILURE! - in br.com.knaak.Mercados.ApplicationTests
initializationError(br.com.knaak.Mercados.ApplicationTests)  Time elapsed: 0.031 s  <<< ERROR!
java.lang.IllegalStateException: Unable to find a @SpringBootConfiguration, you need to use @ContextConfiguration or @SpringBootTest(classes=...) with your test

