<?xml version="1.0" encoding="UTF-8"?>
<testsuite xmlns:xsi="http://www.w3.org/2001/XMLSchema-instance" xsi:noNamespaceSchemaLocation="https://maven.apache.org/surefire/maven-surefire-plugin/xsd/surefire-test-report.xsd" name="br.com.knaak.Mercados.ApplicationTests" time="1.373" tests="1" errors="1" skipped="0" failures="0">
  <properties>
[...]
</properties>
  <testcase name="initializationError" classname="br.com.knaak.Mercados.ApplicationTests" time="0.031">
    <error message="Unable to find a @SpringBootConfiguration, you need to use @ContextConfiguration or @SpringBootTest(classes=...) with your test" type="java.lang.IllegalStateException">java.lang.IllegalStateException: Unable to find a @SpringBootConfiguration, you need to use @ContextConfiguration or @SpringBootTest(classes=...) with your test
</error>
    <system-out><![CDATA[16:24:34.637 [main] DEBUG org.springframework.test.context.junit4.SpringJUnit4ClassRunner - SpringJUnit4ClassRunner constructor called with [class br.com.knaak.Mercados.ApplicationTests]
16:24:34.668 [main] DEBUG org.springframework.test.context.BootstrapUtils - Instantiating CacheAwareContextLoaderDelegate from class [org.springframework.test.context.cache.DefaultCacheAwareContextLoaderDelegate]
16:24:34.715 [main] DEBUG org.springframework.test.context.BootstrapUtils - Instantiating BootstrapContext using constructor [public org.springframework.test.context.support.DefaultBootstrapContext(java.lang.Class,org.springframework.test.context.CacheAwareContextLoaderDelegate)]
16:24:34.824 [main] DEBUG org.springframework.test.context.BootstrapUtils - Instantiating TestContextBootstrapper for test class [br.com.knaak.Mercados.ApplicationTests] from class [org.springframework.boot.test.context.SpringBootTestContextBootstrapper]
16:24:34.886 [main] INFO org.springframework.boot.test.context.SpringBootTestContextBootstrapper - Neither @ContextConfiguration nor @ContextHierarchy found for test class [br.com.knaak.Mercados.ApplicationTests], using SpringBootContextLoader
16:24:34.899 [main] DEBUG org.springframework.test.context.support.AbstractContextLoader - Did not detect default resource location for test class [br.com.knaak.Mercados.ApplicationTests]: class path resource [br/com/knaak/Mercados/ApplicationTests-context.xml] does not exist
16:24:34.899 [main] DEBUG org.springframework.test.context.support.AbstractContextLoader - Did not detect default resource location for test class [br.com.knaak.Mercados.ApplicationTests]: class path resource [br/com/knaak/Mercados/ApplicationTestsContext.groovy] does not exist
16:24:34.899 [main] INFO org.springframework.test.context.support.AbstractContextLoader - Could not detect default resource locations for test class [br.com.knaak.Mercados.ApplicationTests]: no resource found for suffixes {-context.xml, Context.groovy}.
16:24:34.899 [main] INFO org.springframework.test.context.support.AnnotationConfigContextLoaderUtils - Could not detect default configuration classes for test class [br.com.knaak.Mercados.ApplicationTests]: ApplicationTests does not declare any static, non-private, non-final, nested classes annotated with @Configuration.
16:24:35.040 [main] DEBUG org.springframework.test.context.support.ActiveProfilesUtils - Could not find an 'annotation declaring class' for annotation type [org.springframework.test.context.ActiveProfiles] and class [br.com.knaak.Mercados.ApplicationTests]
16:24:35.055 [main] DEBUG org.springframework.core.env.StandardEnvironment - Adding PropertySource 'systemProperties' with lowest search precedence
16:24:35.055 [main] DEBUG org.springframework.core.env.StandardEnvironment - Adding PropertySource 'systemEnvironment' with lowest search precedence
16:24:35.055 [main] DEBUG org.springframework.core.env.StandardEnvironment - Initialized StandardEnvironment with PropertySources [MapPropertySource@680576081 {name='systemProperties', properties={java.runtime.name=Java(TM) SE Runtime Environment, sun.boot.library.path=C:\Program Files\Java\jdk1.8.0_144\jre\bin, java.vm.version=25.144-b01, java.vm.vendor=Oracle Corporation, java.vendor.url=http://java.oracle.com/, path.separator=;, java.vm.name=Java HotSpot(TM) 64-Bit Server VM, file.encoding.pkg=sun.io, user.country=BR, user.script=, sun.java.launcher=SUN_STANDARD, sun.os.patch.level=, java.vm.specification.name=Java Virtual Machine Specification, user.dir=E:\javaImerssao\Mercados, java.runtime.version=1.8.0_144-b01, basedir=E:\javaImerssao\Mercados, java.awt.graphicsenv=sun.awt.Win32GraphicsEnvironment, java.endorsed.dirs=C:\Program Files\Java\jdk1.8.0_144\jre\lib\endorsed, os.arch=amd64, surefire.real.class.path=C:\Users\Knaak\AppData\Local\Temp\surefire7655930591329267000\surefirebooter9200308514690746025.jar, java.io.tmpdir=C:\Users\Knaak\AppData\Local\Temp\, line.separator=
, java.vm.specification.vendor=Oracle Corporation, user.variant=, os.name=Windows 10, sun.jnu.encoding=Cp1252, java.library.path=C:\Program Files\Java\jdk1.8.0_144\jre\bin;C:\WINDOWS\Sun\Java\bin;C:\WINDOWS\system32;C:\WINDOWS;C:/Program Files/Java/jre1.8.0_181/bin/server;C:/Program Files/Java/jre1.8.0_181/bin;C:/Program Files/Java/jre1.8.0_181/lib/amd64;C:\Program Files (x86)\Common Files\Oracle\Java\javapath;C:\ProgramData\Oracle\Java\javapath;C:\Program Files (x86)\Intel\iCLS Client\;C:\Program Files\Intel\iCLS Client\;C:\WINDOWS\system32;C:\WINDOWS;C:\WINDOWS\System32\Wbem;C:\WINDOWS\System32\WindowsPowerShell\v1.0\;C:\Program Files (x86)\Intel\Intel(R) Management Engine Components\DAL;C:\Program Files\Intel\Intel(R) Management Engine Components\DAL;C:\Program Files (x86)\Intel\Intel(R) Management Engine Components\IPT;C:\Program Files\Intel\Intel(R) Management Engine Components\IPT;C:\Program Files\Java\jdk1.8.0_144\bin;C:\Program Files\Common Files\Autodesk Shared\;C:\WINDOWS\System32\OpenSSH\;C:\Program Files\apache-maven-3.5.4\bin;C:\Program Files\Git\cmd;C:\Users\Knaak\AppData\Local\Microsoft\WindowsApps;C:\Users\Knaak\AppData\Local\GitHubDesktop\bin;C:\Users\Knaak\AppData\Local\Microsoft\WindowsApps;C:\Program Files\heroku\bin;C:\Users\Knaak\Desktop;;., surefire.test.class.path=E:\javaImerssao\Mercados\target\test-classes;E:\javaImerssao\Mercados\target\classes;C:\Users\Knaak\.m2\repository\org\springframework\boot\spring-boot-starter-actuator\2.0.6.RELEASE\spring-boot-starter-actuator-2.0.6.RELEASE.jar;C:\Users\Knaak\.m2\repository\org\springframework\boot\spring-boot-starter\2.0.6.RELEASE\spring-boot-starter-2.0.6.RELEASE.jar;C:\Users\Knaak\.m2\repository\org\springframework\boot\spring-boot-starter-logging\2.0.6.RELEASE\spring-boot-starter-logging-2.0.6.RELEASE.jar;C:\Users\Knaak\.m2\repository\ch\qos\logback\logback-classic\1.2.3\logback-classic-1.2.3.jar;C:\Users\Knaak\.m2\repository\ch\qos\logback\logback-core\1.2.3\logback-core-1.2.3.jar;C:\Users\Knaak\.m2\repository\org\apache\logging\log4j\log4j-to-slf4j\2.10.0\log4j-to-slf4j-2.10.0.jar;C:\Users\Knaak\.m2\repository\org\apache\logging\log4j\log4j-api\2.10.0\log4j-api-2.10.0.jar;C:\Users\Knaak\.m2\repository\org\slf4j\jul-to-slf4j\1.7.25\jul-to-slf4j-1.7.25.jar;C:\Users\Knaak\.m2\repository\javax\annotation\javax.annotation-api\1.3.2\javax.annotation-api-1.3.2.jar;C:\Users\Knaak\.m2\repository\org\yaml\snakeyaml\1.19\snakeyaml-1.19.jar;C:\Users\Knaak\.m2\repository\org\springframework\boot\spring-boot-actuator-autoconfigure\2.0.6.RELEASE\spring-boot-actuator-autoconfigure-2.0.6.RELEASE.jar;C:\Users\Knaak\.m2\repository\org\springframework\boot\spring-boot-actuator\2.0.6.RELEASE\spring-boot-actuator-2.0.6.RELEASE.jar;C:\Users\Knaak\.m2\repository\com\fasterxml\jackson\core\jackson-databind\2.9.7\jackson-databind-2.9.7.jar;C:\Users\Knaak\.m2\repository\com\fasterxml\jackson\core\jackson-core\2.9.7\jackson-core-2.9.7.jar;C:\Users\Knaak\.m2\repository\org\springframework\spring-context\5.0.10.RELEASE\spring-context-5.0.10.RELEASE.jar;C:\Users\Knaak\.m2\repository\com\fasterxml\jackson\datatype\jackson-datatype-jsr310\2.9.7\jackson-datatype-jsr310-2.9.7.jar;C:\Users\Knaak\.m2\repository\io\micrometer\micrometer-core\1.0.7\micrometer-core-1.0.7.jar;C:\Users\Knaak\.m2\repository\org\hdrhistogram\HdrHistogram\2.1.10\HdrHistogram-2.1.10.jar;C:\Users\Knaak\.m2\repository\org\latencyutils\LatencyUtils\2.0.3\LatencyUtils-2.0.3.jar;C:\Users\Knaak\.m2\repository\org\springframework\boot\spring-boot-starter-data-jpa\2.0.6.RELEASE\spring-boot-starter-data-jpa-2.0.6.RELEASE.jar;C:\Users\Knaak\.m2\repository\org\springframework\boot\spring-boot-starter-aop\2.0.6.RELEASE\spring-boot-starter-aop-2.0.6.RELEASE.jar;C:\Users\Knaak\.m2\repository\org\aspectj\aspectjweaver\1.8.13\aspectjweaver-1.8.13.jar;C:\Users\Knaak\.m2\repository\org\springframework\boot\spring-boot-starter-jdbc\2.0.6.RELEASE\spring-boot-starter-jdbc-2.0.6.RELEASE.jar;C:\Users\Knaak\.m2\repository\com\zaxxer\HikariCP\2.7.9\HikariCP-2.7.9.jar;C:\Users\Knaak\.m2\repository\org\springframework\spring-jdbc\5.0.10.RELEASE\spring-jdbc-5.0.10.RELEASE.jar;C:\Users\Knaak\.m2\repository\javax\transaction\javax.transaction-api\1.2\javax.transaction-api-1.2.jar;C:\Users\Knaak\.m2\repository\org\hibernate\hibernate-core\5.2.17.Final\hibernate-core-5.2.17.Final.jar;C:\Users\Knaak\.m2\repository\org\jboss\logging\jboss-logging\3.3.2.Final\jboss-logging-3.3.2.Final.jar;C:\Users\Knaak\.m2\repository\org\hibernate\javax\persistence\hibernate-jpa-2.1-api\1.0.2.Final\hibernate-jpa-2.1-api-1.0.2.Final.jar;C:\Users\Knaak\.m2\repository\org\javassist\javassist\3.22.0-GA\javassist-3.22.0-GA.jar;C:\Users\Knaak\.m2\repository\antlr\antlr\2.7.7\antlr-2.7.7.jar;C:\Users\Knaak\.m2\repository\org\jboss\jandex\2.0.3.Final\jandex-2.0.3.Final.jar;C:\Users\Knaak\.m2\repository\com\fasterxml\classmate\1.3.4\classmate-1.3.4.jar;C:\Users\Knaak\.m2\repository\dom4j\dom4j\1.6.1\dom4j-1.6.1.jar;C:\Users\Knaak\.m2\repository\org\hibernate\common\hibernate-commons-annotations\5.0.1.Final\hibernate-commons-annotations-5.0.1.Final.jar;C:\Users\Knaak\.m2\repository\org\springframework\data\spring-data-jpa\2.0.11.RELEASE\spring-data-jpa-2.0.11.RELEASE.jar;C:\Users\Knaak\.m2\repository\org\springframework\data\spring-data-commons\2.0.11.RELEASE\spring-data-commons-2.0.11.RELEASE.jar;C:\Users\Knaak\.m2\repository\org\springframework\spring-orm\5.0.10.RELEASE\spring-orm-5.0.10.RELEASE.jar;C:\Users\Knaak\.m2\repository\org\springframework\spring-tx\5.0.10.RELEASE\spring-tx-5.0.10.RELEASE.jar;C:\Users\Knaak\.m2\repository\org\springframework\spring-beans\5.0.10.RELEASE\spring-beans-5.0.10.RELEASE.jar;C:\Users\Knaak\.m2\repository\org\slf4j\slf4j-api\1.7.25\slf4j-api-1.7.25.jar;C:\Users\Knaak\.m2\repository\org\springframework\spring-aspects\5.0.10.RELEASE\spring-aspects-5.0.10.RELEASE.jar;C:\Users\Knaak\.m2\repository\org\springframework\boot\spring-boot-starter-data-rest\2.0.6.RELEASE\spring-boot-starter-data-rest-2.0.6.RELEASE.jar;C:\Users\Knaak\.m2\repository\org\springframework\boot\spring-boot-starter-json\2.0.6.RELEASE\spring-boot-starter-json-2.0.6.RELEASE.jar;C:\Users\Knaak\.m2\repository\com\fasterxml\jackson\datatype\jackson-datatype-jdk8\2.9.7\jackson-datatype-jdk8-2.9.7.jar;C:\Users\Knaak\.m2\repository\com\fasterxml\jackson\module\jackson-module-parameter-names\2.9.7\jackson-module-parameter-names-2.9.7.jar;C:\Users\Knaak\.m2\repository\org\springframework\data\spring-data-rest-webmvc\3.0.11.RELEASE\spring-data-rest-webmvc-3.0.11.RELEASE.jar;C:\Users\Knaak\.m2\repository\org\springframework\data\spring-data-rest-core\3.0.11.RELEASE\spring-data-rest-core-3.0.11.RELEASE.jar;C:\Users\Knaak\.m2\repository\org\atteo\evo-inflector\1.2.2\evo-inflector-1.2.2.jar;C:\Users\Knaak\.m2\repository\com\fasterxml\jackson\core\jackson-annotations\2.9.0\jackson-annotations-2.9.0.jar;C:\Users\Knaak\.m2\repository\org\springframework\boot\spring-boot-starter-hateoas\2.0.6.RELEASE\spring-boot-starter-hateoas-2.0.6.RELEASE.jar;C:\Users\Knaak\.m2\repository\org\springframework\hateoas\spring-hateoas\0.25.0.RELEASE\spring-hateoas-0.25.0.RELEASE.jar;C:\Users\Knaak\.m2\repository\org\springframework\plugin\spring-plugin-core\1.2.0.RELEASE\spring-plugin-core-1.2.0.RELEASE.jar;C:\Users\Knaak\.m2\repository\org\springframework\boot\spring-boot-starter-security\2.0.6.RELEASE\spring-boot-starter-security-2.0.6.RELEASE.jar;C:\Users\Knaak\.m2\repository\org\springframework\spring-aop\5.0.10.RELEASE\spring-aop-5.0.10.RELEASE.jar;C:\Users\Knaak\.m2\repository\org\springframework\security\spring-security-config\5.0.9.RELEASE\spring-security-config-5.0.9.RELEASE.jar;C:\Users\Knaak\.m2\repository\org\springframework\security\spring-security-web\5.0.9.RELEASE\spring-security-web-5.0.9.RELEASE.jar;C:\Users\Knaak\.m2\repository\org\springframework\spring-expression\5.0.10.RELEASE\spring-expression-5.0.10.RELEASE.jar;C:\Users\Knaak\.m2\repository\org\springframework\boot\spring-boot-starter-thymeleaf\2.0.6.RELEASE\spring-boot-starter-thymeleaf-2.0.6.RELEASE.jar;C:\Users\Knaak\.m2\repository\org\thymeleaf\thymeleaf-spring5\3.0.10.RELEASE\thymeleaf-spring5-3.0.10.RELEASE.jar;C:\Users\Knaak\.m2\repository\org\thymeleaf\thymeleaf\3.0.10.RELEASE\thymeleaf-3.0.10.RELEASE.jar;C:\Users\Knaak\.m2\repository\org\attoparser\attoparser\2.0.5.RELEASE\attoparser-2.0.5.RELEASE.jar;C:\Users\Knaak\.m2\repository\org\unbescape\unbescape\1.1.6.RELEASE\unbescape-1.1.6.RELEASE.jar;C:\Users\Knaak\.m2\repository\org\thymeleaf\extras\thymeleaf-extras-java8time\3.0.1.RELEASE\thymeleaf-extras-java8time-3.0.1.RELEASE.jar;C:\Users\Knaak\.m2\repository\org\springframework\boot\spring-boot-starter-validation\2.0.6.RELEASE\spring-boot-starter-validation-2.0.6.RELEASE.jar;C:\Users\Knaak\.m2\repository\org\apache\tomcat\embed\tomcat-embed-el\8.5.34\tomcat-embed-el-8.5.34.jar;C:\Users\Knaak\.m2\repository\org\hibernate\validator\hibernate-validator\6.0.13.Final\hibernate-validator-6.0.13.Final.jar;C:\Users\Knaak\.m2\repository\javax\validation\validation-api\2.0.1.Final\validation-api-2.0.1.Final.jar;C:\Users\Knaak\.m2\repository\org\springframework\boot\spring-boot-starter-web\2.0.6.RELEASE\spring-boot-starter-web-2.0.6.RELEASE.jar;C:\Users\Knaak\.m2\repository\org\springframework\boot\spring-boot-starter-tomcat\2.0.6.RELEASE\spring-boot-starter-tomcat-2.0.6.RELEASE.jar;C:\Users\Knaak\.m2\repository\org\apache\tomcat\embed\tomcat-embed-core\8.5.34\tomcat-embed-core-8.5.34.jar;C:\Users\Knaak\.m2\repository\org\apache\tomcat\embed\tomcat-embed-websocket\8.5.34\tomcat-embed-websocket-8.5.34.jar;C:\Users\Knaak\.m2\repository\org\springframework\spring-web\5.0.10.RELEASE\spring-web-5.0.10.RELEASE.jar;C:\Users\Knaak\.m2\repository\org\springframework\spring-webmvc\5.0.10.RELEASE\spring-webmvc-5.0.10.RELEASE.jar;C:\Users\Knaak\.m2\repository\de\codecentric\spring-boot-admin-starter-client\2.0.3\spring-boot-admin-starter-client-2.0.3.jar;C:\Users\Knaak\.m2\repository\de\codecentric\spring-boot-admin-client\2.0.3\spring-boot-admin-client-2.0.3.jar;C:\Users\Knaak\.m2\repository\org\jolokia\jolokia-core\1.5.0\jolokia-core-1.5.0.jar;C:\Users\Knaak\.m2\repository\com\googlecode\json-simple\json-simple\1.1.1\json-simple-1.1.1.jar;C:\Users\Knaak\.m2\repository\de\codecentric\spring-boot-admin-starter-server\2.0.3\spring-boot-admin-starter-server-2.0.3.jar;C:\Users\Knaak\.m2\repository\de\codecentric\spring-boot-admin-server\2.0.3\spring-boot-admin-server-2.0.3.jar;C:\Users\Knaak\.m2\repository\org\springframework\boot\spring-boot-starter-webflux\2.0.6.RELEASE\spring-boot-starter-webflux-2.0.6.RELEASE.jar;C:\Users\Knaak\.m2\repository\org\springframework\boot\spring-boot-starter-reactor-netty\2.0.6.RELEASE\spring-boot-starter-reactor-netty-2.0.6.RELEASE.jar;C:\Users\Knaak\.m2\repository\io\projectreactor\ipc\reactor-netty\0.7.10.RELEASE\reactor-netty-0.7.10.RELEASE.jar;C:\Users\Knaak\.m2\repository\io\netty\netty-codec-http\4.1.29.Final\netty-codec-http-4.1.29.Final.jar;C:\Users\Knaak\.m2\repository\io\netty\netty-codec\4.1.29.Final\netty-codec-4.1.29.Final.jar;C:\Users\Knaak\.m2\repository\io\netty\netty-handler\4.1.29.Final\netty-handler-4.1.29.Final.jar;C:\Users\Knaak\.m2\repository\io\netty\netty-buffer\4.1.29.Final\netty-buffer-4.1.29.Final.jar;C:\Users\Knaak\.m2\repository\io\netty\netty-transport\4.1.29.Final\netty-transport-4.1.29.Final.jar;C:\Users\Knaak\.m2\repository\io\netty\netty-resolver\4.1.29.Final\netty-resolver-4.1.29.Final.jar;C:\Users\Knaak\.m2\repository\io\netty\netty-handler-proxy\4.1.29.Final\netty-handler-proxy-4.1.29.Final.jar;C:\Users\Knaak\.m2\repository\io\netty\netty-codec-socks\4.1.29.Final\netty-codec-socks-4.1.29.Final.jar;C:\Users\Knaak\.m2\repository\io\netty\netty-transport-native-epoll\4.1.29.Final\netty-transport-native-epoll-4.1.29.Final-linux-x86_64.jar;C:\Users\Knaak\.m2\repository\io\netty\netty-common\4.1.29.Final\netty-common-4.1.29.Final.jar;C:\Users\Knaak\.m2\repository\io\netty\netty-transport-native-unix-common\4.1.29.Final\netty-transport-native-unix-common-4.1.29.Final.jar;C:\Users\Knaak\.m2\repository\org\springframework\spring-webflux\5.0.10.RELEASE\spring-webflux-5.0.10.RELEASE.jar;C:\Users\Knaak\.m2\repository\org\synchronoss\cloud\nio-multipart-parser\1.1.0\nio-multipart-parser-1.1.0.jar;C:\Users\Knaak\.m2\repository\org\synchronoss\cloud\nio-stream-storage\1.1.3\nio-stream-storage-1.1.3.jar;C:\Users\Knaak\.m2\repository\io\projectreactor\addons\reactor-extra\3.1.7.RELEASE\reactor-extra-3.1.7.RELEASE.jar;C:\Users\Knaak\.m2\repository\io\projectreactor\reactor-core\3.1.10.RELEASE\reactor-core-3.1.10.RELEASE.jar;C:\Users\Knaak\.m2\repository\org\reactivestreams\reactive-streams\1.0.2\reactive-streams-1.0.2.jar;C:\Users\Knaak\.m2\repository\de\codecentric\spring-boot-admin-server-ui\2.0.3\spring-boot-admin-server-ui-2.0.3.jar;C:\Users\Knaak\.m2\repository\de\codecentric\spring-boot-admin-server-cloud\2.0.3\spring-boot-admin-server-cloud-2.0.3.jar;C:\Users\Knaak\.m2\repository\org\springframework\boot\spring-boot-devtools\2.0.6.RELEASE\spring-boot-devtools-2.0.6.RELEASE.jar;C:\Users\Knaak\.m2\repository\org\springframework\boot\spring-boot\2.0.6.RELEASE\spring-boot-2.0.6.RELEASE.jar;C:\Users\Knaak\.m2\repository\org\springframework\boot\spring-boot-autoconfigure\2.0.6.RELEASE\spring-boot-autoconfigure-2.0.6.RELEASE.jar;C:\Users\Knaak\.m2\repository\com\h2database\h2\1.4.197\h2-1.4.197.jar;C:\Users\Knaak\.m2\repository\org\postgresql\postgresql\42.2.5\postgresql-42.2.5.jar;C:\Users\Knaak\.m2\repository\org\projectlombok\lombok\1.16.22\lombok-1.16.22.jar;C:\Users\Knaak\.m2\repository\org\springframework\boot\spring-boot-starter-test\2.0.6.RELEASE\spring-boot-starter-test-2.0.6.RELEASE.jar;C:\Users\Knaak\.m2\repository\org\springframework\boot\spring-boot-test\2.0.6.RELEASE\spring-boot-test-2.0.6.RELEASE.jar;C:\Users\Knaak\.m2\repository\org\springframework\boot\spring-boot-test-autoconfigure\2.0.6.RELEASE\spring-boot-test-autoconfigure-2.0.6.RELEASE.jar;C:\Users\Knaak\.m2\repository\com\jayway\jsonpath\json-path\2.4.0\json-path-2.4.0.jar;C:\Users\Knaak\.m2\repository\net\minidev\json-smart\2.3\json-smart-2.3.jar;C:\Users\Knaak\.m2\repository\net\minidev\accessors-smart\1.2\accessors-smart-1.2.jar;C:\Users\Knaak\.m2\repository\org\ow2\asm\asm\5.0.4\asm-5.0.4.jar;C:\Users\Knaak\.m2\repository\junit\junit\4.12\junit-4.12.jar;C:\Users\Knaak\.m2\repository\org\assertj\assertj-core\3.9.1\assertj-core-3.9.1.jar;C:\Users\Knaak\.m2\repository\org\mockito\mockito-core\2.15.0\mockito-core-2.15.0.jar;C:\Users\Knaak\.m2\repository\net\bytebuddy\byte-buddy\1.7.11\byte-buddy-1.7.11.jar;C:\Users\Knaak\.m2\repository\net\bytebuddy\byte-buddy-agent\1.7.11\byte-buddy-agent-1.7.11.jar;C:\Users\Knaak\.m2\repository\org\objenesis\objenesis\2.6\objenesis-2.6.jar;C:\Users\Knaak\.m2\repository\org\hamcrest\hamcrest-core\1.3\hamcrest-core-1.3.jar;C:\Users\Knaak\.m2\repository\org\hamcrest\hamcrest-library\1.3\hamcrest-library-1.3.jar;C:\Users\Knaak\.m2\repository\org\skyscreamer\jsonassert\1.5.0\jsonassert-1.5.0.jar;C:\Users\Knaak\.m2\repository\com\vaadin\external\google\android-json\0.0.20131108.vaadin1\android-json-0.0.20131108.vaadin1.jar;C:\Users\Knaak\.m2\repository\org\springframework\spring-core\5.0.10.RELEASE\spring-core-5.0.10.RELEASE.jar;C:\Users\Knaak\.m2\repository\org\springframework\spring-jcl\5.0.10.RELEASE\spring-jcl-5.0.10.RELEASE.jar;C:\Users\Knaak\.m2\repository\org\springframework\spring-test\5.0.10.RELEASE\spring-test-5.0.10.RELEASE.jar;C:\Users\Knaak\.m2\repository\org\xmlunit\xmlunit-core\2.5.1\xmlunit-core-2.5.1.jar;C:\Users\Knaak\.m2\repository\org\springframework\restdocs\spring-restdocs-mockmvc\2.0.2.RELEASE\spring-restdocs-mockmvc-2.0.2.RELEASE.jar;C:\Users\Knaak\.m2\repository\javax\servlet\javax.servlet-api\3.1.0\javax.servlet-api-3.1.0.jar;C:\Users\Knaak\.m2\repository\org\springframework\restdocs\spring-restdocs-core\2.0.2.RELEASE\spring-restdocs-core-2.0.2.RELEASE.jar;C:\Users\Knaak\.m2\repository\org\springframework\security\spring-security-test\5.0.9.RELEASE\spring-security-test-5.0.9.RELEASE.jar;C:\Users\Knaak\.m2\repository\org\springframework\security\spring-security-core\5.0.9.RELEASE\spring-security-core-5.0.9.RELEASE.jar;C:\Users\Knaak\.m2\repository\com\github\javafaker\javafaker\0.16\javafaker-0.16.jar;C:\Users\Knaak\.m2\repository\org\apache\commons\commons-lang3\3.7\commons-lang3-3.7.jar;C:\Users\Knaak\.m2\repository\org\yaml\snakeyaml\1.20\snakeyaml-1.20-android.jar;C:\Users\Knaak\.m2\repository\com\github\mifmif\generex\1.0.2\generex-1.0.2.jar;C:\Users\Knaak\.m2\repository\dk\brics\automaton\automaton\1.11-8\automaton-1.11-8.jar;, java.specification.name=Java Platform API Specification, java.class.version=52.0, sun.management.compiler=HotSpot 64-Bit Tiered Compilers, os.version=10.0, user.home=C:\Users\Knaak, user.timezone=America/Sao_Paulo, java.awt.printerjob=sun.awt.windows.WPrinterJob, file.encoding=Cp1252, java.specification.version=1.8, java.class.path=E:\javaImerssao\Mercados\target\test-classes;E:\javaImerssao\Mercados\target\classes;C:\Users\Knaak\.m2\repository\org\springframework\boot\spring-boot-starter-actuator\2.0.6.RELEASE\spring-boot-starter-actuator-2.0.6.RELEASE.jar;C:\Users\Knaak\.m2\repository\org\springframework\boot\spring-boot-starter\2.0.6.RELEASE\spring-boot-starter-2.0.6.RELEASE.jar;C:\Users\Knaak\.m2\repository\org\springframework\boot\spring-boot-starter-logging\2.0.6.RELEASE\spring-boot-starter-logging-2.0.6.RELEASE.jar;C:\Users\Knaak\.m2\repository\ch\qos\logback\logback-classic\1.2.3\logback-classic-1.2.3.jar;C:\Users\Knaak\.m2\repository\ch\qos\logback\logback-core\1.2.3\logback-core-1.2.3.jar;C:\Users\Knaak\.m2\repository\org\apache\logging\log4j\log4j-to-slf4j\2.10.0\log4j-to-slf4j-2.10.0.jar;C:\Users\Knaak\.m2\repository\org\apache\logging\log4j\log4j-api\2.10.0\log4j-api-2.10.0.jar;C:\Users\Knaak\.m2\repository\org\slf4j\jul-to-slf4j\1.7.25\jul-to-slf4j-1.7.25.jar;C:\Users\Knaak\.m2\repository\javax\annotation\javax.annotation-api\1.3.2\javax.annotation-api-1.3.2.jar;C:\Users\Knaak\.m2\repository\org\yaml\snakeyaml\1.19\snakeyaml-1.19.jar;C:\Users\Knaak\.m2\repository\org\springframework\boot\spring-boot-actuator-autoconfigure\2.0.6.RELEASE\spring-boot-actuator-autoconfigure-2.0.6.RELEASE.jar;C:\Users\Knaak\.m2\repository\org\springframework\boot\spring-boot-actuator\2.0.6.RELEASE\spring-boot-actuator-2.0.6.RELEASE.jar;C:\Users\Knaak\.m2\repository\com\fasterxml\jackson\core\jackson-databind\2.9.7\jackson-databind-2.9.7.jar;C:\Users\Knaak\.m2\repository\com\fasterxml\jackson\core\jackson-core\2.9.7\jackson-core-2.9.7.jar;C:\Users\Knaak\.m2\repository\org\springframework\spring-context\5.0.10.RELEASE\spring-context-5.0.10.RELEASE.jar;C:\Users\Knaak\.m2\repository\com\fasterxml\jackson\datatype\jackson-datatype-jsr310\2.9.7\jackson-datatype-jsr310-2.9.7.jar;C:\Users\Knaak\.m2\repository\io\micrometer\micrometer-core\1.0.7\micrometer-core-1.0.7.jar;C:\Users\Knaak\.m2\repository\org\hdrhistogram\HdrHistogram\2.1.10\HdrHistogram-2.1.10.jar;C:\Users\Knaak\.m2\repository\org\latencyutils\LatencyUtils\2.0.3\LatencyUtils-2.0.3.jar;C:\Users\Knaak\.m2\repository\org\springframework\boot\spring-boot-starter-data-jpa\2.0.6.RELEASE\spring-boot-starter-data-jpa-2.0.6.RELEASE.jar;C:\Users\Knaak\.m2\repository\org\springframework\boot\spring-boot-starter-aop\2.0.6.RELEASE\spring-boot-starter-aop-2.0.6.RELEASE.jar;C:\Users\Knaak\.m2\repository\org\aspectj\aspectjweaver\1.8.13\aspectjweaver-1.8.13.jar;C:\Users\Knaak\.m2\repository\org\springframework\boot\spring-boot-starter-jdbc\2.0.6.RELEASE\spring-boot-starter-jdbc-2.0.6.RELEASE.jar;C:\Users\Knaak\.m2\repository\com\zaxxer\HikariCP\2.7.9\HikariCP-2.7.9.jar;C:\Users\Knaak\.m2\repository\org\springframework\spring-jdbc\5.0.10.RELEASE\spring-jdbc-5.0.10.RELEASE.jar;C:\Users\Knaak\.m2\repository\javax\transaction\javax.transaction-api\1.2\javax.transaction-api-1.2.jar;C:\Users\Knaak\.m2\repository\org\hibernate\hibernate-core\5.2.17.Final\hibernate-core-5.2.17.Final.jar;C:\Users\Knaak\.m2\repository\org\jboss\logging\jboss-logging\3.3.2.Final\jboss-logging-3.3.2.Final.jar;C:\Users\Knaak\.m2\repository\org\hibernate\javax\persistence\hibernate-jpa-2.1-api\1.0.2.Final\hibernate-jpa-2.1-api-1.0.2.Final.jar;C:\Users\Knaak\.m2\repository\org\javassist\javassist\3.22.0-GA\javassist-3.22.0-GA.jar;C:\Users\Knaak\.m2\repository\antlr\antlr\2.7.7\antlr-2.7.7.jar;C:\Users\Knaak\.m2\repository\org\jboss\jandex\2.0.3.Final\jandex-2.0.3.Final.jar;C:\Users\Knaak\.m2\repository\com\fasterxml\classmate\1.3.4\classmate-1.3.4.jar;C:\Users\Knaak\.m2\repository\dom4j\dom4j\1.6.1\dom4j-1.6.1.jar;C:\Users\Knaak\.m2\repository\org\hibernate\common\hibernate-commons-annotations\5.0.1.Final\hibernate-commons-annotations-5.0.1.Final.jar;C:\Users\Knaak\.m2\repository\org\springframework\data\spring-data-jpa\2.0.11.RELEASE\spring-data-jpa-2.0.11.RELEASE.jar;C:\Users\Knaak\.m2\repository\org\springframework\data\spring-data-commons\2.0.11.RELEASE\spring-data-commons-2.0.11.RELEASE.jar;C:\Users\Knaak\.m2\repository\org\springframework\spring-orm\5.0.10.RELEASE\spring-orm-5.0.10.RELEASE.jar;C:\Users\Knaak\.m2\repository\org\springframework\spring-tx\5.0.10.RELEASE\spring-tx-5.0.10.RELEASE.jar;C:\Users\Knaak\.m2\repository\org\springframework\spring-beans\5.0.10.RELEASE\spring-beans-5.0.10.RELEASE.jar;C:\Users\Knaak\.m2\repository\org\slf4j\slf4j-api\1.7.25\slf4j-api-1.7.25.jar;C:\Users\Knaak\.m2\repository\org\springframework\spring-aspects\5.0.10.RELEASE\spring-aspects-5.0.10.RELEASE.jar;C:\Users\Knaak\.m2\repository\org\springframework\boot\spring-boot-starter-data-rest\2.0.6.RELEASE\spring-boot-starter-data-rest-2.0.6.RELEASE.jar;C:\Users\Knaak\.m2\repository\org\springframework\boot\spring-boot-starter-json\2.0.6.RELEASE\spring-boot-starter-json-2.0.6.RELEASE.jar;C:\Users\Knaak\.m2\repository\com\fasterxml\jackson\datatype\jackson-datatype-jdk8\2.9.7\jackson-datatype-jdk8-2.9.7.jar;C:\Users\Knaak\.m2\repository\com\fasterxml\jackson\module\jackson-module-parameter-names\2.9.7\jackson-module-parameter-names-2.9.7.jar;C:\Users\Knaak\.m2\repository\org\springframework\data\spring-data-rest-webmvc\3.0.11.RELEASE\spring-data-rest-webmvc-3.0.11.RELEASE.jar;C:\Users\Knaak\.m2\repository\org\springframework\data\spring-data-rest-core\3.0.11.RELEASE\spring-data-rest-core-3.0.11.RELEASE.jar;C:\Users\Knaak\.m2\repository\org\atteo\evo-inflector\1.2.2\evo-inflector-1.2.2.jar;C:\Users\Knaak\.m2\repository\com\fasterxml\jackson\core\jackson-annotations\2.9.0\jackson-annotations-2.9.0.jar;C:\Users\Knaak\.m2\repository\org\springframework\boot\spring-boot-starter-hateoas\2.0.6.RELEASE\spring-boot-starter-hateoas-2.0.6.RELEASE.jar;C:\Users\Knaak\.m2\repository\org\springframework\hateoas\spring-hateoas\0.25.0.RELEASE\spring-hateoas-0.25.0.RELEASE.jar;C:\Users\Knaak\.m2\repository\org\springframework\plugin\spring-plugin-core\1.2.0.RELEASE\spring-plugin-core-1.2.0.RELEASE.jar;C:\Users\Knaak\.m2\repository\org\springframework\boot\spring-boot-starter-security\2.0.6.RELEASE\spring-boot-starter-security-2.0.6.RELEASE.jar;C:\Users\Knaak\.m2\repository\org\springframework\spring-aop\5.0.10.RELEASE\spring-aop-5.0.10.RELEASE.jar;C:\Users\Knaak\.m2\repository\org\springframework\security\spring-security-config\5.0.9.RELEASE\spring-security-config-5.0.9.RELEASE.jar;C:\Users\Knaak\.m2\repository\org\springframework\security\spring-security-web\5.0.9.RELEASE\spring-security-web-5.0.9.RELEASE.jar;C:\Users\Knaak\.m2\repository\org\springframework\spring-expression\5.0.10.RELEASE\spring-expression-5.0.10.RELEASE.jar;C:\Users\Knaak\.m2\repository\org\springframework\boot\spring-boot-starter-thymeleaf\2.0.6.RELEASE\spring-boot-starter-thymeleaf-2.0.6.RELEASE.jar;C:\Users\Knaak\.m2\repository\org\thymeleaf\thymeleaf-spring5\3.0.10.RELEASE\thymeleaf-spring5-3.0.10.RELEASE.jar;C:\Users\Knaak\.m2\repository\org\thymeleaf\thymeleaf\3.0.10.RELEASE\thymeleaf-3.0.10.RELEASE.jar;C:\Users\Knaak\.m2\repository\org\attoparser\attoparser\2.0.5.RELEASE\attoparser-2.0.5.RELEASE.jar;C:\Users\Knaak\.m2\repository\org\unbescape\unbescape\1.1.6.RELEASE\unbescape-1.1.6.RELEASE.jar;C:\Users\Knaak\.m2\repository\org\thymeleaf\extras\thymeleaf-extras-java8time\3.0.1.RELEASE\thymeleaf-extras-java8time-3.0.1.RELEASE.jar;C:\Users\Knaak\.m2\repository\org\springframework\boot\spring-boot-starter-validation\2.0.6.RELEASE\spring-boot-starter-validation-2.0.6.RELEASE.jar;C:\Users\Knaak\.m2\repository\org\apache\tomcat\embed\tomcat-embed-el\8.5.34\tomcat-embed-el-8.5.34.jar;C:\Users\Knaak\.m2\repository\org\hibernate\validator\hibernate-validator\6.0.13.Final\hibernate-validator-6.0.13.Final.jar;C:\Users\Knaak\.m2\repository\javax\validation\validation-api\2.0.1.Final\validation-api-2.0.1.Final.jar;C:\Users\Knaak\.m2\repository\org\springframework\boot\spring-boot-starter-web\2.0.6.RELEASE\spring-boot-starter-web-2.0.6.RELEASE.jar;C:\Users\Knaak\.m2\repository\org\springframework\boot\spring-boot-starter-tomcat\2.0.6.RELEASE\spring-boot-starter-tomcat-2.0.6.RELEASE.jar;C:\Users\Knaak\.m2\repository\org\apache\tomcat\embed\tomcat-embed-core\8.5.34\tomcat-embed-core-8.5.34.jar;C:\Users\Knaak\.m2\repository\org\apache\tomcat\embed\tomcat-embed-websocket\8.5.34\tomcat-embed-websocket-8.5.34.jar;C:\Users\Knaak\.m2\repository\org\springframework\spring-web\5.0.10.RELEASE\spring-web-5.0.10.RELEASE.jar;C:\Users\Knaak\.m2\repository\org\springframework\spring-webmvc\5.0.10.RELEASE\spring-webmvc-5.0.10.RELEASE.jar;C:\Users\Knaak\.m2\repository\de\codecentric\spring-boot-admin-starter-client\2.0.3\spring-boot-admin-starter-client-2.0.3.jar;C:\Users\Knaak\.m2\repository\de\codecentric\spring-boot-admin-client\2.0.3\spring-boot-admin-client-2.0.3.jar;C:\Users\Knaak\.m2\repository\org\jolokia\jolokia-core\1.5.0\jolokia-core-1.5.0.jar;C:\Users\Knaak\.m2\repository\com\googlecode\json-simple\json-simple\1.1.1\json-simple-1.1.1.jar;C:\Users\Knaak\.m2\repository\de\codecentric\spring-boot-admin-starter-server\2.0.3\spring-boot-admin-starter-server-2.0.3.jar;C:\Users\Knaak\.m2\repository\de\codecentric\spring-boot-admin-server\2.0.3\spring-boot-admin-server-2.0.3.jar;C:\Users\Knaak\.m2\repository\org\springframework\boot\spring-boot-starter-webflux\2.0.6.RELEASE\spring-boot-starter-webflux-2.0.6.RELEASE.jar;C:\Users\Knaak\.m2\repository\org\springframework\boot\spring-boot-starter-reactor-netty\2.0.6.RELEASE\spring-boot-starter-reactor-netty-2.0.6.RELEASE.jar;C:\Users\Knaak\.m2\repository\io\projectreactor\ipc\reactor-netty\0.7.10.RELEASE\reactor-netty-0.7.10.RELEASE.jar;C:\Users\Knaak\.m2\repository\io\netty\netty-codec-http\4.1.29.Final\netty-codec-http-4.1.29.Final.jar;C:\Users\Knaak\.m2\repository\io\netty\netty-codec\4.1.29.Final\netty-codec-4.1.29.Final.jar;C:\Users\Knaak\.m2\repository\io\netty\netty-handler\4.1.29.Final\netty-handler-4.1.29.Final.jar;C:\Users\Knaak\.m2\repository\io\netty\netty-buffer\4.1.29.Final\netty-buffer-4.1.29.Final.jar;C:\Users\Knaak\.m2\repository\io\netty\netty-transport\4.1.29.Final\netty-transport-4.1.29.Final.jar;C:\Users\Knaak\.m2\repository\io\netty\netty-resolver\4.1.29.Final\netty-resolver-4.1.29.Final.jar;C:\Users\Knaak\.m2\repository\io\netty\netty-handler-proxy\4.1.29.Final\netty-handler-proxy-4.1.29.Final.jar;C:\Users\Knaak\.m2\repository\io\netty\netty-codec-socks\4.1.29.Final\netty-codec-socks-4.1.29.Final.jar;C:\Users\Knaak\.m2\repository\io\netty\netty-transport-native-epoll\4.1.29.Final\netty-transport-native-epoll-4.1.29.Final-linux-x86_64.jar;C:\Users\Knaak\.m2\repository\io\netty\netty-common\4.1.29.Final\netty-common-4.1.29.Final.jar;C:\Users\Knaak\.m2\repository\io\netty\netty-transport-native-unix-common\4.1.29.Final\netty-transport-native-unix-common-4.1.29.Final.jar;C:\Users\Knaak\.m2\repository\org\springframework\spring-webflux\5.0.10.RELEASE\spring-webflux-5.0.10.RELEASE.jar;C:\Users\Knaak\.m2\repository\org\synchronoss\cloud\nio-multipart-parser\1.1.0\nio-multipart-parser-1.1.0.jar;C:\Users\Knaak\.m2\repository\org\synchronoss\cloud\nio-stream-storage\1.1.3\nio-stream-storage-1.1.3.jar;C:\Users\Knaak\.m2\repository\io\projectreactor\addons\reactor-extra\3.1.7.RELEASE\reactor-extra-3.1.7.RELEASE.jar;C:\Users\Knaak\.m2\repository\io\projectreactor\reactor-core\3.1.10.RELEASE\reactor-core-3.1.10.RELEASE.jar;C:\Users\Knaak\.m2\repository\org\reactivestreams\reactive-streams\1.0.2\reactive-streams-1.0.2.jar;C:\Users\Knaak\.m2\repository\de\codecentric\spring-boot-admin-server-ui\2.0.3\spring-boot-admin-server-ui-2.0.3.jar;C:\Users\Knaak\.m2\repository\de\codecentric\spring-boot-admin-server-cloud\2.0.3\spring-boot-admin-server-cloud-2.0.3.jar;C:\Users\Knaak\.m2\repository\org\springframework\boot\spring-boot-devtools\2.0.6.RELEASE\spring-boot-devtools-2.0.6.RELEASE.jar;C:\Users\Knaak\.m2\repository\org\springframework\boot\spring-boot\2.0.6.RELEASE\spring-boot-2.0.6.RELEASE.jar;C:\Users\Knaak\.m2\repository\org\springframework\boot\spring-boot-autoconfigure\2.0.6.RELEASE\spring-boot-autoconfigure-2.0.6.RELEASE.jar;C:\Users\Knaak\.m2\repository\com\h2database\h2\1.4.197\h2-1.4.197.jar;C:\Users\Knaak\.m2\repository\org\postgresql\postgresql\42.2.5\postgresql-42.2.5.jar;C:\Users\Knaak\.m2\repository\org\projectlombok\lombok\1.16.22\lombok-1.16.22.jar;C:\Users\Knaak\.m2\repository\org\springframework\boot\spring-boot-starter-test\2.0.6.RELEASE\spring-boot-starter-test-2.0.6.RELEASE.jar;C:\Users\Knaak\.m2\repository\org\springframework\boot\spring-boot-test\2.0.6.RELEASE\spring-boot-test-2.0.6.RELEASE.jar;C:\Users\Knaak\.m2\repository\org\springframework\boot\spring-boot-test-autoconfigure\2.0.6.RELEASE\spring-boot-test-autoconfigure-2.0.6.RELEASE.jar;C:\Users\Knaak\.m2\repository\com\jayway\jsonpath\json-path\2.4.0\json-path-2.4.0.jar;C:\Users\Knaak\.m2\repository\net\minidev\json-smart\2.3\json-smart-2.3.jar;C:\Users\Knaak\.m2\repository\net\minidev\accessors-smart\1.2\accessors-smart-1.2.jar;C:\Users\Knaak\.m2\repository\org\ow2\asm\asm\5.0.4\asm-5.0.4.jar;C:\Users\Knaak\.m2\repository\junit\junit\4.12\junit-4.12.jar;C:\Users\Knaak\.m2\repository\org\assertj\assertj-core\3.9.1\assertj-core-3.9.1.jar;C:\Users\Knaak\.m2\repository\org\mockito\mockito-core\2.15.0\mockito-core-2.15.0.jar;C:\Users\Knaak\.m2\repository\net\bytebuddy\byte-buddy\1.7.11\byte-buddy-1.7.11.jar;C:\Users\Knaak\.m2\repository\net\bytebuddy\byte-buddy-agent\1.7.11\byte-buddy-agent-1.7.11.jar;C:\Users\Knaak\.m2\repository\org\objenesis\objenesis\2.6\objenesis-2.6.jar;C:\Users\Knaak\.m2\repository\org\hamcrest\hamcrest-core\1.3\hamcrest-core-1.3.jar;C:\Users\Knaak\.m2\repository\org\hamcrest\hamcrest-library\1.3\hamcrest-library-1.3.jar;C:\Users\Knaak\.m2\repository\org\skyscreamer\jsonassert\1.5.0\jsonassert-1.5.0.jar;C:\Users\Knaak\.m2\repository\com\vaadin\external\google\android-json\0.0.20131108.vaadin1\android-json-0.0.20131108.vaadin1.jar;C:\Users\Knaak\.m2\repository\org\springframework\spring-core\5.0.10.RELEASE\spring-core-5.0.10.RELEASE.jar;C:\Users\Knaak\.m2\repository\org\springframework\spring-jcl\5.0.10.RELEASE\spring-jcl-5.0.10.RELEASE.jar;C:\Users\Knaak\.m2\repository\org\springframework\spring-test\5.0.10.RELEASE\spring-test-5.0.10.RELEASE.jar;C:\Users\Knaak\.m2\repository\org\xmlunit\xmlunit-core\2.5.1\xmlunit-core-2.5.1.jar;C:\Users\Knaak\.m2\repository\org\springframework\restdocs\spring-restdocs-mockmvc\2.0.2.RELEASE\spring-restdocs-mockmvc-2.0.2.RELEASE.jar;C:\Users\Knaak\.m2\repository\javax\servlet\javax.servlet-api\3.1.0\javax.servlet-api-3.1.0.jar;C:\Users\Knaak\.m2\repository\org\springframework\restdocs\spring-restdocs-core\2.0.2.RELEASE\spring-restdocs-core-2.0.2.RELEASE.jar;C:\Users\Knaak\.m2\repository\org\springframework\security\spring-security-test\5.0.9.RELEASE\spring-security-test-5.0.9.RELEASE.jar;C:\Users\Knaak\.m2\repository\org\springframework\security\spring-security-core\5.0.9.RELEASE\spring-security-core-5.0.9.RELEASE.jar;C:\Users\Knaak\.m2\repository\com\github\javafaker\javafaker\0.16\javafaker-0.16.jar;C:\Users\Knaak\.m2\repository\org\apache\commons\commons-lang3\3.7\commons-lang3-3.7.jar;C:\Users\Knaak\.m2\repository\org\yaml\snakeyaml\1.20\snakeyaml-1.20-android.jar;C:\Users\Knaak\.m2\repository\com\github\mifmif\generex\1.0.2\generex-1.0.2.jar;C:\Users\Knaak\.m2\repository\dk\brics\automaton\automaton\1.11-8\automaton-1.11-8.jar;, user.name=Knaak, java.vm.specification.version=1.8, sun.java.command=C:\Users\Knaak\AppData\Local\Temp\surefire7655930591329267000\surefirebooter9200308514690746025.jar C:\Users\Knaak\AppData\Local\Temp\surefire7655930591329267000 2018-10-20T16-24-31_822-jvmRun1 surefire5272452651943660622tmp surefire_01664084337209467983tmp, java.home=C:\Program Files\Java\jdk1.8.0_144\jre, sun.arch.data.model=64, user.language=pt, java.specification.vendor=Oracle Corporation, awt.toolkit=sun.awt.windows.WToolkit, java.vm.info=mixed mode, java.version=1.8.0_144, java.ext.dirs=C:\Program Files\Java\jdk1.8.0_144\jre\lib\ext;C:\WINDOWS\Sun\Java\lib\ext, sun.boot.class.path=C:\Program Files\Java\jdk1.8.0_144\jre\lib\resources.jar;C:\Program Files\Java\jdk1.8.0_144\jre\lib\rt.jar;C:\Program Files\Java\jdk1.8.0_144\jre\lib\sunrsasign.jar;C:\Program Files\Java\jdk1.8.0_144\jre\lib\jsse.jar;C:\Program Files\Java\jdk1.8.0_144\jre\lib\jce.jar;C:\Program Files\Java\jdk1.8.0_144\jre\lib\charsets.jar;C:\Program Files\Java\jdk1.8.0_144\jre\lib\jfr.jar;C:\Program Files\Java\jdk1.8.0_144\jre\classes, java.vendor=Oracle Corporation, localRepository=C:\Users\Knaak\.m2\repository, file.separator=\, java.vendor.url.bug=http://bugreport.sun.com/bugreport/, sun.io.unicode.encoding=UnicodeLittle, sun.cpu.endian=little, sun.desktop=windows, sun.cpu.isalist=amd64}}, SystemEnvironmentPropertySource@1088872417 {name='systemEnvironment', properties={PATH=C:/Program Files/Java/jre1.8.0_181/bin/server;C:/Program Files/Java/jre1.8.0_181/bin;C:/Program Files/Java/jre1.8.0_181/lib/amd64;C:\Program Files (x86)\Common Files\Oracle\Java\javapath;C:\ProgramData\Oracle\Java\javapath;C:\Program Files (x86)\Intel\iCLS Client\;C:\Program Files\Intel\iCLS Client\;C:\WINDOWS\system32;C:\WINDOWS;C:\WINDOWS\System32\Wbem;C:\WINDOWS\System32\WindowsPowerShell\v1.0\;C:\Program Files (x86)\Intel\Intel(R) Management Engine Components\DAL;C:\Program Files\Intel\Intel(R) Management Engine Components\DAL;C:\Program Files (x86)\Intel\Intel(R) Management Engine Components\IPT;C:\Program Files\Intel\Intel(R) Management Engine Components\IPT;C:\Program Files\Java\jdk1.8.0_144\bin;C:\Program Files\Common Files\Autodesk Shared\;C:\WINDOWS\System32\OpenSSH\;C:\Program Files\apache-maven-3.5.4\bin;C:\Program Files\Git\cmd;C:\Users\Knaak\AppData\Local\Microsoft\WindowsApps;C:\Users\Knaak\AppData\Local\GitHubDesktop\bin;C:\Users\Knaak\AppData\Local\Microsoft\WindowsApps;C:\Program Files\heroku\bin;C:\Users\Knaak\Desktop;, USERDOMAIN_ROAMINGPROFILE=LAPTOP-HCEUQA6S, LOCALAPPDATA=C:\Users\Knaak\AppData\Local, PROCESSOR_LEVEL=6, SYSTEMDRIVE=C:, COMMONPROGRAMFILES(X86)=C:\Program Files (x86)\Common Files, USERDOMAIN=LAPTOP-HCEUQA6S, FPS_BROWSER_APP_PROFILE_STRING=Internet Explorer, LOGONSERVER=\\LAPTOP-HCEUQA6S, JAVA_HOME=C:\Program Files\Java\jdk1.8.0_144, PROMPT=$P$G, SESSIONNAME=Console, ALLUSERSPROFILE=C:\ProgramData, PROGRAMFILES(X86)=C:\Program Files (x86), PROCESSOR_ARCHITECTURE=AMD64, DRIVERDATA=C:\Windows\System32\Drivers\DriverData, MVN_HOME=C:\Program Files\apache-maven-3.5.4, JRE_HOME=C:\Program Files\Java\jre1.8.0_181, =E:=E:\javaImerssao\Mercados, PROGRAMFILES=C:\Program Files, APPDATA=C:\Users\Knaak\AppData\Roaming, PSMODULEPATH=C:\Program Files\WindowsPowerShell\Modules;C:\WINDOWS\system32\WindowsPowerShell\v1.0\Modules, ADSK_3DSMAX_X64_2018=C:\Program Files\Autodesk\3ds Max 2018\, PROGRAMW6432=C:\Program Files, PROGRAMDATA=C:\ProgramData, SYSTEMROOT=C:\WINDOWS, USERNAME=Knaak, FPS_BROWSER_USER_PROFILE_STRING=Default, ONEDRIVE=C:\Users\Knaak\OneDrive, PATHEXT=.COM;.EXE;.BAT;.CMD;.VBS;.VBE;.JS;.JSE;.WSF;.WSH;.MSC, OS=Windows_NT, COMMONPROGRAMW6432=C:\Program Files\Common Files, COMPUTERNAME=LAPTOP-HCEUQA6S, COMMONPROGRAMFILES=C:\Program Files\Common Files, COMSPEC=C:\WINDOWS\system32\cmd.exe, CATALINA_OPTS=-Xms512m -Xmx1024m, PROCESSOR_REVISION=8e09, CLASSPATH=.;C:\Program Files\Java\jdk1.8.0_144\lib;, WINDIR=C:\WINDOWS, HOMEPATH=\Users\Knaak, TEMP=C:\Users\Knaak\AppData\Local\Temp, HOMEDRIVE=C:, PROCESSOR_IDENTIFIER=Intel64 Family 6 Model 142 Stepping 9, GenuineIntel, USERPROFILE=C:\Users\Knaak, TMP=C:\Users\Knaak\AppData\Local\Temp, PUBLIC=C:\Users\Public, NUMBER_OF_PROCESSORS=4, =::=::\}}]
16:24:35.102 [main] DEBUG org.springframework.core.io.support.PathMatchingResourcePatternResolver - Resolved classpath location [br/com/knaak/Mercados/] to resources [URL [file:/E:/javaImerssao/Mercados/target/test-classes/br/com/knaak/Mercados/], URL [file:/E:/javaImerssao/Mercados/target/classes/br/com/knaak/Mercados/]]
16:24:35.102 [main] DEBUG org.springframework.core.io.support.PathMatchingResourcePatternResolver - Looking for matching resources in directory tree [E:\javaImerssao\Mercados\target\test-classes\br\com\knaak\Mercados]
16:24:35.102 [main] DEBUG org.springframework.core.io.support.PathMatchingResourcePatternResolver - Searching directory [E:\javaImerssao\Mercados\target\test-classes\br\com\knaak\Mercados] for files matching pattern [E:/javaImerssao/Mercados/target/test-classes/br/com/knaak/Mercados/*.class]
16:24:35.118 [main] DEBUG org.springframework.core.io.support.PathMatchingResourcePatternResolver - Looking for matching resources in directory tree [E:\javaImerssao\Mercados\target\classes\br\com\knaak\Mercados]
16:24:35.118 [main] DEBUG org.springframework.core.io.support.PathMatchingResourcePatternResolver - Searching directory [E:\javaImerssao\Mercados\target\classes\br\com\knaak\Mercados] for files matching pattern [E:/javaImerssao/Mercados/target/classes/br/com/knaak/Mercados/*.class]
16:24:35.118 [main] DEBUG org.springframework.core.io.support.PathMatchingResourcePatternResolver - Resolved location pattern [classpath*:br/com/knaak/Mercados/*.class] to resources [file [E:\javaImerssao\Mercados\target\test-classes\br\com\knaak\Mercados\ApplicationTests.class]]
16:24:35.196 [main] DEBUG org.springframework.core.io.support.PathMatchingResourcePatternResolver - Resolved classpath location [br/com/knaak/] to resources [URL [file:/E:/javaImerssao/Mercados/target/test-classes/br/com/knaak/], URL [file:/E:/javaImerssao/Mercados/target/classes/br/com/knaak/]]
16:24:35.196 [main] DEBUG org.springframework.core.io.support.PathMatchingResourcePatternResolver - Looking for matching resources in directory tree [E:\javaImerssao\Mercados\target\test-classes\br\com\knaak]
16:24:35.196 [main] DEBUG org.springframework.core.io.support.PathMatchingResourcePatternResolver - Searching directory [E:\javaImerssao\Mercados\target\test-classes\br\com\knaak] for files matching pattern [E:/javaImerssao/Mercados/target/test-classes/br/com/knaak/*.class]
16:24:35.196 [main] DEBUG org.springframework.core.io.support.PathMatchingResourcePatternResolver - Looking for matching resources in directory tree [E:\javaImerssao\Mercados\target\classes\br\com\knaak]
16:24:35.196 [main] DEBUG org.springframework.core.io.support.PathMatchingResourcePatternResolver - Searching directory [E:\javaImerssao\Mercados\target\classes\br\com\knaak] for files matching pattern [E:/javaImerssao/Mercados/target/classes/br/com/knaak/*.class]
16:24:35.196 [main] DEBUG org.springframework.core.io.support.PathMatchingResourcePatternResolver - Resolved location pattern [classpath*:br/com/knaak/*.class] to resources []
16:24:35.196 [main] DEBUG org.springframework.core.io.support.PathMatchingResourcePatternResolver - Resolved classpath location [br/com/] to resources [URL [file:/E:/javaImerssao/Mercados/target/test-classes/br/com/], URL [file:/E:/javaImerssao/Mercados/target/classes/br/com/]]
16:24:35.196 [main] DEBUG org.springframework.core.io.support.PathMatchingResourcePatternResolver - Looking for matching resources in directory tree [E:\javaImerssao\Mercados\target\test-classes\br\com]
16:24:35.196 [main] DEBUG org.springframework.core.io.support.PathMatchingResourcePatternResolver - Searching directory [E:\javaImerssao\Mercados\target\test-classes\br\com] for files matching pattern [E:/javaImerssao/Mercados/target/test-classes/br/com/*.class]
16:24:35.196 [main] DEBUG org.springframework.core.io.support.PathMatchingResourcePatternResolver - Looking for matching resources in directory tree [E:\javaImerssao\Mercados\target\classes\br\com]
16:24:35.196 [main] DEBUG org.springframework.core.io.support.PathMatchingResourcePatternResolver - Searching directory [E:\javaImerssao\Mercados\target\classes\br\com] for files matching pattern [E:/javaImerssao/Mercados/target/classes/br/com/*.class]
16:24:35.196 [main] DEBUG org.springframework.core.io.support.PathMatchingResourcePatternResolver - Resolved location pattern [classpath*:br/com/*.class] to resources []
16:24:35.212 [main] DEBUG org.springframework.core.io.support.PathMatchingResourcePatternResolver - Resolved classpath location [br/] to resources [URL [file:/E:/javaImerssao/Mercados/target/test-classes/br/], URL [file:/E:/javaImerssao/Mercados/target/classes/br/]]
16:24:35.212 [main] DEBUG org.springframework.core.io.support.PathMatchingResourcePatternResolver - Looking for matching resources in directory tree [E:\javaImerssao\Mercados\target\test-classes\br]
16:24:35.212 [main] DEBUG org.springframework.core.io.support.PathMatchingResourcePatternResolver - Searching directory [E:\javaImerssao\Mercados\target\test-classes\br] for files matching pattern [E:/javaImerssao/Mercados/target/test-classes/br/*.class]
16:24:35.212 [main] DEBUG org.springframework.core.io.support.PathMatchingResourcePatternResolver - Looking for matching resources in directory tree [E:\javaImerssao\Mercados\target\classes\br]
16:24:35.212 [main] DEBUG org.springframework.core.io.support.PathMatchingResourcePatternResolver - Searching directory [E:\javaImerssao\Mercados\target\classes\br] for files matching pattern [E:/javaImerssao/Mercados/target/classes/br/*.class]
16:24:35.212 [main] DEBUG org.springframework.core.io.support.PathMatchingResourcePatternResolver - Resolved location pattern [classpath*:br/*.class] to resources []
]]></system-out>
  </testcase>
</testsuite>